
*** Running vivado
    with args -log game_module.vds -m64 -product Vivado -mode batch -messageDb vivado.pb -notrace -source game_module.tcl



****** Vivado v2022.2 (64-bit)
  **** SW Build 3671981 on Fri Oct 14 05:00:03 MDT 2022
  **** IP Build 3669848 on Fri Oct 14 08:30:02 MDT 2022
    ** Copyright 1986-2022 Xilinx, Inc. All Rights Reserved.

source game_module.tcl -notrace
create_project: Time (s): cpu = 00:00:05 ; elapsed = 00:00:07 . Memory (MB): peak = 394.441 ; gain = 73.211
Command: read_checkpoint -auto_incremental -incremental C:/Users/timmy/Desktop/group9_finalproject/group9_finalproject.srcs/utils_1/imports/synth_1/game_module.dcp
INFO: [Vivado 12-5825] Read reference checkpoint from C:/Users/timmy/Desktop/group9_finalproject/group9_finalproject.srcs/utils_1/imports/synth_1/game_module.dcp for incremental synthesis
INFO: [Vivado 12-7989] Please ensure there are no constraint changes
Command: synth_design -top game_module -part xc7z020clg400-1
Starting synth_design
Attempting to get a license for feature 'Synthesis' and/or device 'xc7z020'
INFO: [Common 17-349] Got license for feature 'Synthesis' and/or device 'xc7z020'
INFO: [Device 21-403] Loading part xc7z020clg400-1
INFO: [Designutils 20-5440] No compile time benefit to using incremental synthesis; A full resynthesis will be run
INFO: [Designutils 20-4379] Flow is switching to default flow due to incremental criteria not met. If you would like to alter this behaviour and have the flow terminate instead, please set the following parameter config_implementation {autoIncr.Synth.RejectBehavior Terminate}
INFO: [Synth 8-7079] Multithreading enabled for synth_design using a maximum of 2 processes.
INFO: [Synth 8-7078] Launching helper process for spawning children vivado processes
INFO: [Synth 8-7075] Helper process launched with PID 20780
INFO: [Synth 8-11241] undeclared symbol 'REGCCE', assumed default net type 'wire' [C:/Xilinx/Vivado/2022.2/data/verilog/src/unimacro/BRAM_SINGLE_MACRO.v:2170]
---------------------------------------------------------------------------------
Starting RTL Elaboration : Time (s): cpu = 00:00:05 ; elapsed = 00:00:08 . Memory (MB): peak = 1235.590 ; gain = 406.664
---------------------------------------------------------------------------------
INFO: [Synth 8-6157] synthesizing module 'game_module' [C:/Users/timmy/Desktop/group9_finalproject/group9_finalproject.srcs/sources_1/new/parachute.v:2]
INFO: [Synth 8-6157] synthesizing module 'fly' [C:/Users/timmy/Desktop/group9_finalproject/group9_finalproject.srcs/sources_1/new/fliying.v:2]
INFO: [Synth 8-155] case statement is not full and has no default [C:/Users/timmy/Desktop/group9_finalproject/group9_finalproject.srcs/sources_1/new/fliying.v:49]
INFO: [Synth 8-155] case statement is not full and has no default [C:/Users/timmy/Desktop/group9_finalproject/group9_finalproject.srcs/sources_1/new/fliying.v:64]
WARNING: [Synth 8-567] referenced signal 'state' should be on the sensitivity list [C:/Users/timmy/Desktop/group9_finalproject/group9_finalproject.srcs/sources_1/new/fliying.v:56]
INFO: [Synth 8-155] case statement is not full and has no default [C:/Users/timmy/Desktop/group9_finalproject/group9_finalproject.srcs/sources_1/new/fliying.v:92]
WARNING: [Synth 8-567] referenced signal 'state' should be on the sensitivity list [C:/Users/timmy/Desktop/group9_finalproject/group9_finalproject.srcs/sources_1/new/fliying.v:90]
INFO: [Synth 8-6155] done synthesizing module 'fly' (0#1) [C:/Users/timmy/Desktop/group9_finalproject/group9_finalproject.srcs/sources_1/new/fliying.v:2]
INFO: [Synth 8-6157] synthesizing module 'clk_div' [C:/Users/timmy/Desktop/group9_finalproject/group9_finalproject.srcs/sources_1/new/clk_div.v:3]
INFO: [Synth 8-6155] done synthesizing module 'clk_div' (0#1) [C:/Users/timmy/Desktop/group9_finalproject/group9_finalproject.srcs/sources_1/new/clk_div.v:3]
INFO: [Synth 8-6157] synthesizing module 'shifter' [C:/Users/timmy/Desktop/class_2/demo/src/shifter_groupnum.v:2]
INFO: [Synth 8-6155] done synthesizing module 'shifter' (0#1) [C:/Users/timmy/Desktop/class_2/demo/src/shifter_groupnum.v:2]
INFO: [Synth 8-6155] done synthesizing module 'game_module' (0#1) [C:/Users/timmy/Desktop/group9_finalproject/group9_finalproject.srcs/sources_1/new/parachute.v:2]
WARNING: [Synth 8-7137] Register i_reg in module fly has both Set and reset with same priority. This may cause simulation mismatches. Consider rewriting code  [C:/Users/timmy/Desktop/group9_finalproject/group9_finalproject.srcs/sources_1/new/fliying.v:23]
WARNING: [Synth 8-7137] Register count_reg in module fly has both Set and reset with same priority. This may cause simulation mismatches. Consider rewriting code  [C:/Users/timmy/Desktop/group9_finalproject/group9_finalproject.srcs/sources_1/new/fliying.v:23]
---------------------------------------------------------------------------------
Finished RTL Elaboration : Time (s): cpu = 00:00:06 ; elapsed = 00:00:11 . Memory (MB): peak = 1326.848 ; gain = 497.922
---------------------------------------------------------------------------------
---------------------------------------------------------------------------------
Start Handling Custom Attributes
---------------------------------------------------------------------------------
---------------------------------------------------------------------------------
Finished Handling Custom Attributes : Time (s): cpu = 00:00:07 ; elapsed = 00:00:11 . Memory (MB): peak = 1326.848 ; gain = 497.922
---------------------------------------------------------------------------------
---------------------------------------------------------------------------------
Finished RTL Optimization Phase 1 : Time (s): cpu = 00:00:07 ; elapsed = 00:00:11 . Memory (MB): peak = 1326.848 ; gain = 497.922
---------------------------------------------------------------------------------
Netlist sorting complete. Time (s): cpu = 00:00:00 ; elapsed = 00:00:00.003 . Memory (MB): peak = 1326.848 ; gain = 0.000
INFO: [Project 1-570] Preparing netlist for logic optimization

Processing XDC Constraints
Initializing timing engine
Parsing XDC File [C:/Users/timmy/Desktop/class_2/demo/xdc/demo.xdc]
Finished Parsing XDC File [C:/Users/timmy/Desktop/class_2/demo/xdc/demo.xdc]
INFO: [Project 1-236] Implementation specific constraints were found while reading constraint file [C:/Users/timmy/Desktop/class_2/demo/xdc/demo.xdc]. These constraints will be ignored for synthesis but will be used in implementation. Impacted constraints are listed in the file [.Xil/game_module_propImpl.xdc].
Resolution: To avoid this warning, move constraints listed in [.Xil/game_module_propImpl.xdc] to another XDC file and exclude this new file from synthesis with the used_in_synthesis property (File Properties dialog in GUI) and re-run elaboration/synthesis.
Completed Processing XDC Constraints

Netlist sorting complete. Time (s): cpu = 00:00:00 ; elapsed = 00:00:00 . Memory (MB): peak = 1380.578 ; gain = 0.000
INFO: [Project 1-111] Unisim Transformation Summary:
No Unisim elements were transformed.

Constraint Validation Runtime : Time (s): cpu = 00:00:00 ; elapsed = 00:00:00.003 . Memory (MB): peak = 1380.578 ; gain = 0.000
INFO: [Designutils 20-5440] No compile time benefit to using incremental synthesis; A full resynthesis will be run
INFO: [Designutils 20-4379] Flow is switching to default flow due to incremental criteria not met. If you would like to alter this behaviour and have the flow terminate instead, please set the following parameter config_implementation {autoIncr.Synth.RejectBehavior Terminate}
INFO: [Synth 8-11241] undeclared symbol 'REGCCE', assumed default net type 'wire' [C:/Xilinx/Vivado/2022.2/data/verilog/src/unimacro/BRAM_SINGLE_MACRO.v:2170]
---------------------------------------------------------------------------------
Finished Constraint Validation : Time (s): cpu = 00:00:14 ; elapsed = 00:00:23 . Memory (MB): peak = 1380.578 ; gain = 551.652
---------------------------------------------------------------------------------
---------------------------------------------------------------------------------
Start Loading Part and Timing Information
---------------------------------------------------------------------------------
Loading part: xc7z020clg400-1
---------------------------------------------------------------------------------
Finished Loading Part and Timing Information : Time (s): cpu = 00:00:14 ; elapsed = 00:00:23 . Memory (MB): peak = 1380.578 ; gain = 551.652
---------------------------------------------------------------------------------
---------------------------------------------------------------------------------
Start Applying 'set_property' XDC Constraints
---------------------------------------------------------------------------------
---------------------------------------------------------------------------------
Finished applying 'set_property' XDC Constraints : Time (s): cpu = 00:00:14 ; elapsed = 00:00:23 . Memory (MB): peak = 1380.578 ; gain = 551.652
---------------------------------------------------------------------------------
INFO: [Synth 8-802] inferred FSM for state register 'state_reg' in module 'fly'
WARNING: [Synth 8-327] inferring latch for variable 'flying_reg' [C:/Users/timmy/Desktop/group9_finalproject/group9_finalproject.srcs/sources_1/new/fliying.v:50]
WARNING: [Synth 8-327] inferring latch for variable 'FSM_sequential_next_reg' [C:/Users/timmy/Desktop/group9_finalproject/group9_finalproject.srcs/sources_1/new/fliying.v:95]
WARNING: [Synth 8-327] inferring latch for variable 'FSM_onehot_next_reg' [C:/Users/timmy/Desktop/group9_finalproject/group9_finalproject.srcs/sources_1/new/fliying.v:95]
---------------------------------------------------------------------------------------------------
                   State |                     New Encoding |                Previous Encoding 
---------------------------------------------------------------------------------------------------
                   S_Fly |                               00 |                              000
                  S_Fall |                               01 |                              001
                  S_Dead |                               10 |                              101
              S_Survived |                               11 |                              010
---------------------------------------------------------------------------------------------------
INFO: [Synth 8-3354] encoded FSM with state register 'state_reg' using encoding 'sequential' in module 'fly'
WARNING: [Synth 8-327] inferring latch for variable 'FSM_sequential_next_reg' [C:/Users/timmy/Desktop/group9_finalproject/group9_finalproject.srcs/sources_1/new/fliying.v:95]
WARNING: [Synth 8-327] inferring latch for variable 'falling_reg' [C:/Users/timmy/Desktop/group9_finalproject/group9_finalproject.srcs/sources_1/new/fliying.v:50]
WARNING: [Synth 8-327] inferring latch for variable 'ground_reg' [C:/Users/timmy/Desktop/group9_finalproject/group9_finalproject.srcs/sources_1/new/fliying.v:50]
WARNING: [Synth 8-327] inferring latch for variable 'alive_reg' [C:/Users/timmy/Desktop/group9_finalproject/group9_finalproject.srcs/sources_1/new/fliying.v:50]
WARNING: [Synth 8-327] inferring latch for variable 'no_heartbeat_reg' [C:/Users/timmy/Desktop/group9_finalproject/group9_finalproject.srcs/sources_1/new/fliying.v:50]
WARNING: [Synth 8-327] inferring latch for variable 'seg_reg' [C:/Users/timmy/Desktop/group9_finalproject/group9_finalproject.srcs/sources_1/new/fliying.v:58]
---------------------------------------------------------------------------------
Finished RTL Optimization Phase 2 : Time (s): cpu = 00:00:14 ; elapsed = 00:00:23 . Memory (MB): peak = 1380.578 ; gain = 551.652
---------------------------------------------------------------------------------
---------------------------------------------------------------------------------
Start RTL Component Statistics 
---------------------------------------------------------------------------------
Detailed RTL Component Info : 
+---Adders : 
	   2 Input   26 Bit       Adders := 1     
	   2 Input    4 Bit       Adders := 2     
	   2 Input    3 Bit       Adders := 1     
+---Registers : 
	               26 Bit    Registers := 1     
	                4 Bit    Registers := 3     
	                3 Bit    Registers := 1     
	                1 Bit    Registers := 1     
+---Muxes : 
	   2 Input   26 Bit        Muxes := 1     
	   4 Input    7 Bit        Muxes := 1     
	   2 Input    4 Bit        Muxes := 4     
	   2 Input    3 Bit        Muxes := 1     
	   4 Input    3 Bit        Muxes := 1     
	   4 Input    2 Bit        Muxes := 1     
	   2 Input    2 Bit        Muxes := 3     
	  11 Input    1 Bit        Muxes := 1     
	   4 Input    1 Bit        Muxes := 5     
---------------------------------------------------------------------------------
Finished RTL Component Statistics 
---------------------------------------------------------------------------------
---------------------------------------------------------------------------------
Start Part Resource Summary
---------------------------------------------------------------------------------
Part Resources:
DSPs: 220 (col length:60)
BRAMs: 280 (col length: RAMB18 60 RAMB36 30)
---------------------------------------------------------------------------------
Finished Part Resource Summary
---------------------------------------------------------------------------------
---------------------------------------------------------------------------------
Start Cross Boundary and Area Optimization
---------------------------------------------------------------------------------
WARNING: [Synth 8-7080] Parallel synthesis criteria is not met
WARNING: [Synth 8-3332] Sequential element (s0/flying_reg) is unused and will be removed from module game_module.
WARNING: [Synth 8-3332] Sequential element (s0/FSM_sequential_next_reg[1]) is unused and will be removed from module game_module.
WARNING: [Synth 8-3332] Sequential element (s0/FSM_sequential_next_reg[0]) is unused and will be removed from module game_module.
WARNING: [Synth 8-3332] Sequential element (s0/falling_reg) is unused and will be removed from module game_module.
WARNING: [Synth 8-3332] Sequential element (s0/ground_reg) is unused and will be removed from module game_module.
WARNING: [Synth 8-3332] Sequential element (s0/alive_reg) is unused and will be removed from module game_module.
WARNING: [Synth 8-3332] Sequential element (s0/no_heartbeat_reg) is unused and will be removed from module game_module.
---------------------------------------------------------------------------------
Finished Cross Boundary and Area Optimization : Time (s): cpu = 00:00:16 ; elapsed = 00:00:27 . Memory (MB): peak = 1380.578 ; gain = 551.652
---------------------------------------------------------------------------------
---------------------------------------------------------------------------------
Start Applying XDC Timing Constraints
---------------------------------------------------------------------------------
---------------------------------------------------------------------------------
Finished Applying XDC Timing Constraints : Time (s): cpu = 00:00:22 ; elapsed = 00:00:36 . Memory (MB): peak = 1380.578 ; gain = 551.652
---------------------------------------------------------------------------------
---------------------------------------------------------------------------------
Start Timing Optimization
---------------------------------------------------------------------------------
---------------------------------------------------------------------------------
Finished Timing Optimization : Time (s): cpu = 00:00:22 ; elapsed = 00:00:36 . Memory (MB): peak = 1380.578 ; gain = 551.652
---------------------------------------------------------------------------------
---------------------------------------------------------------------------------
Start Technology Mapping
---------------------------------------------------------------------------------
---------------------------------------------------------------------------------
Finished Technology Mapping : Time (s): cpu = 00:00:22 ; elapsed = 00:00:36 . Memory (MB): peak = 1380.578 ; gain = 551.652
---------------------------------------------------------------------------------
---------------------------------------------------------------------------------
Start IO Insertion
---------------------------------------------------------------------------------
---------------------------------------------------------------------------------
Start Flattening Before IO Insertion
---------------------------------------------------------------------------------
---------------------------------------------------------------------------------
Finished Flattening Before IO Insertion
---------------------------------------------------------------------------------
---------------------------------------------------------------------------------
Start Final Netlist Cleanup
---------------------------------------------------------------------------------
---------------------------------------------------------------------------------
Finished Final Netlist Cleanup
---------------------------------------------------------------------------------
---------------------------------------------------------------------------------
Finished IO Insertion : Time (s): cpu = 00:00:27 ; elapsed = 00:00:43 . Memory (MB): peak = 1380.578 ; gain = 551.652
---------------------------------------------------------------------------------
---------------------------------------------------------------------------------
Start Renaming Generated Instances
---------------------------------------------------------------------------------
---------------------------------------------------------------------------------
Finished Renaming Generated Instances : Time (s): cpu = 00:00:27 ; elapsed = 00:00:43 . Memory (MB): peak = 1380.578 ; gain = 551.652
---------------------------------------------------------------------------------
---------------------------------------------------------------------------------
Start Rebuilding User Hierarchy
---------------------------------------------------------------------------------
---------------------------------------------------------------------------------
Finished Rebuilding User Hierarchy : Time (s): cpu = 00:00:27 ; elapsed = 00:00:43 . Memory (MB): peak = 1380.578 ; gain = 551.652
---------------------------------------------------------------------------------
---------------------------------------------------------------------------------
Start Renaming Generated Ports
---------------------------------------------------------------------------------
---------------------------------------------------------------------------------
Finished Renaming Generated Ports : Time (s): cpu = 00:00:27 ; elapsed = 00:00:43 . Memory (MB): peak = 1380.578 ; gain = 551.652
---------------------------------------------------------------------------------
---------------------------------------------------------------------------------
Start Handling Custom Attributes
---------------------------------------------------------------------------------
---------------------------------------------------------------------------------
Finished Handling Custom Attributes : Time (s): cpu = 00:00:27 ; elapsed = 00:00:43 . Memory (MB): peak = 1380.578 ; gain = 551.652
---------------------------------------------------------------------------------
---------------------------------------------------------------------------------
Start Renaming Generated Nets
---------------------------------------------------------------------------------
---------------------------------------------------------------------------------
Finished Renaming Generated Nets : Time (s): cpu = 00:00:27 ; elapsed = 00:00:43 . Memory (MB): peak = 1380.578 ; gain = 551.652
---------------------------------------------------------------------------------
---------------------------------------------------------------------------------
Start Writing Synthesis Report
---------------------------------------------------------------------------------

Report BlackBoxes: 
+-+--------------+----------+
| |BlackBox name |Instances |
+-+--------------+----------+
+-+--------------+----------+

Report Cell Usage: 
+------+-------+------+
|      |Cell   |Count |
+------+-------+------+
|1     |BUFG   |     1|
|2     |CARRY4 |     7|
|3     |LUT1   |     1|
|4     |LUT2   |     9|
|5     |LUT3   |    10|
|6     |LUT4   |    10|
|7     |LUT5   |     7|
|8     |LUT6   |    35|
|9     |FDCE   |    39|
|10    |FDPE   |     6|
|11    |FDRE   |     3|
|12    |LD     |     7|
|13    |LDC    |     4|
|14    |IBUF   |     3|
|15    |OBUF   |    16|
+------+-------+------+
---------------------------------------------------------------------------------
Finished Writing Synthesis Report : Time (s): cpu = 00:00:27 ; elapsed = 00:00:43 . Memory (MB): peak = 1380.578 ; gain = 551.652
---------------------------------------------------------------------------------
Synthesis finished with 0 errors, 0 critical warnings and 17 warnings.
Synthesis Optimization Runtime : Time (s): cpu = 00:00:19 ; elapsed = 00:00:40 . Memory (MB): peak = 1380.578 ; gain = 497.922
Synthesis Optimization Complete : Time (s): cpu = 00:00:27 ; elapsed = 00:00:44 . Memory (MB): peak = 1380.578 ; gain = 551.652
INFO: [Project 1-571] Translating synthesized netlist
Netlist sorting complete. Time (s): cpu = 00:00:00 ; elapsed = 00:00:00.001 . Memory (MB): peak = 1380.578 ; gain = 0.000
INFO: [Netlist 29-17] Analyzing 18 Unisim elements for replacement
INFO: [Netlist 29-28] Unisim Transformation completed in 0 CPU seconds
INFO: [Project 1-570] Preparing netlist for logic optimization
INFO: [Opt 31-138] Pushed 0 inverter(s) to 0 load pin(s).
Netlist sorting complete. Time (s): cpu = 00:00:00 ; elapsed = 00:00:00 . Memory (MB): peak = 1380.578 ; gain = 0.000
INFO: [Project 1-111] Unisim Transformation Summary:
  A total of 11 instances were transformed.
  LD => LDCE: 7 instances
  LDC => LDCE: 4 instances

Synth Design complete, checksum: 78559482
INFO: [Common 17-83] Releasing license: Synthesis
36 Infos, 21 Warnings, 0 Critical Warnings and 0 Errors encountered.
synth_design completed successfully
synth_design: Time (s): cpu = 00:00:32 ; elapsed = 00:00:52 . Memory (MB): peak = 1380.578 ; gain = 961.285
INFO: [Common 17-1381] The checkpoint 'C:/Users/timmy/Desktop/group9_finalproject/group9_finalproject.runs/synth_1/game_module.dcp' has been generated.
INFO: [runtcl-4] Executing : report_utilization -file game_module_utilization_synth.rpt -pb game_module_utilization_synth.pb
INFO: [Common 17-206] Exiting Vivado at Fri Jun 16 19:19:03 2023...
